GrapeCity.gc-excelviewer
TeddyDD.fish
bungcip.better-toml
file-icons.file-icons
lunaryorn.fish-ide
ms-python.python
timonwong.shellcheck
yzhang.markdown-all-in-one
Gruntfuggly.todo-tree
aaron-bond.better-comments
chrmarti.ssh
file-icons.file-icons
mechatroner.rainbow-csv
patrys.vscode-code-outline
vinzi.wordscounter
zxh404.vscode-proto3
HookyQR.beautify
alefragnani.project-manager
eamodio.gitlens
fireyy.vscode-language-todo
minhthai.vscode-todo-parser
richie5um2.vscode-sort-json
vscodevim.vim
James-Yu.latex-workshop
ban.spellright
eamodio.gitlens
kleber-swf.ocean-dark-extended
ms-mssql.mssql
shanoor.vscode-nginx
vscodevim.vim
PeterJausovec.vscode-docker
bradymholt.pgformatter
emmanuelbeziat.vscode-great-icons
lukehoban.go
ms-python.python
sidneys1.gitconfig
wengerk.highlight-bad-chars
