Zen
accents-ui
atom-ctags
atom-jinja2
autocomplete-clang
autocomplete-python
base16-syntax
block-cursor
column-select
go-plus
highlight-line
isotope-ui
language-docker
language-fish-shell
language-ini
language-lua
language-nginx
language-ocaml
language-puppet
linter
linter-clang
linter-csslint
linter-flake8
linter-js-standard
markdown-scroll-sync
markdown-toc
minimap
minimap-git-diff
minimap-selection
monday-syntax
northem-atom-ui
northem-dark-atom-ui
northem-light-atom-ui
pdf-view
pigments
proton
tidy-markdown
